<?xml version="1.0" encoding="UTF-8"?>
<!-- Generated by org.testng.reporters.JUnitReportReporter -->
<testsuite hostname="DESKTOP-HMBR4KM" failures="0" tests="1" name="com.testCases.TC_AddCustTest_003" time="48.677" errors="0" timestamp="2019-09-13T11:23:36 IST" skipped="0">
  <testcase classname="com.testCases.TC_AddCustTest_003" name="addNewCustomer" time="48.677"/>
</testsuite> <!-- com.testCases.TC_AddCustTest_003 -->
