<?xml version="1.0" encoding="UTF-8"?>
<!-- Generated by org.testng.reporters.JUnitReportReporter -->
<testsuite hostname="DESKTOP-HMBR4KM" failures="0" tests="1" name="com.testCases.TC_LoginTest_001" time="11.822" errors="0" timestamp="2019-09-13T11:23:36 IST" skipped="0">
  <testcase classname="com.testCases.TC_LoginTest_001" name="loginTest" time="11.822"/>
</testsuite> <!-- com.testCases.TC_LoginTest_001 -->
